2024/12/04 17:11:25 Unique requests in the last minute: 0
2024/12/04 17:12:03 Failed to check ID uniqueness: redis: can't marshal struct {} (implement encoding.BinaryMarshaler)
2024/12/04 17:12:25 Unique requests in the last minute: 0
2024/12/04 17:13:25 Unique requests in the last minute: 0
2024/12/04 17:14:25 Unique requests in the last minute: 0
2024/12/04 17:15:25 Unique requests in the last minute: 0
2024/12/04 17:16:25 Unique requests in the last minute: 0
2024/12/04 17:17:25 Unique requests in the last minute: 0
2024/12/04 17:18:25 Unique requests in the last minute: 0
2024/12/04 17:19:25 Unique requests in the last minute: 0
2024/12/04 17:20:25 Unique requests in the last minute: 0
2024/12/04 17:21:25 Unique requests in the last minute: 0
2024/12/04 17:22:25 Unique requests in the last minute: 0
2024/12/04 17:23:20 Failed to check ID uniqueness: redis: can't marshal struct {} (implement encoding.BinaryMarshaler)
2024/12/04 17:23:31 Failed to check ID uniqueness: redis: can't marshal struct {} (implement encoding.BinaryMarshaler)
2024/12/04 17:23:56 Failed to check ID uniqueness: redis: can't marshal struct {} (implement encoding.BinaryMarshaler)
2024/12/04 17:24:48 Failed to check ID uniqueness: redis: can't marshal struct {} (implement encoding.BinaryMarshaler)
2024/12/04 17:25:08 Failed to check ID uniqueness: redis: can't marshal struct {} (implement encoding.BinaryMarshaler)
2024/12/04 17:25:38 Failed to check ID uniqueness: redis: can't marshal struct {} (implement encoding.BinaryMarshaler)
2024/12/04 17:26:34 Unique requests in the last minute: 0
2024/12/04 17:27:34 Unique requests in the last minute: 0
2024/12/04 17:28:52 Unique requests in the last minute: 1
2024/12/04 17:29:52 Unique requests in the last minute: 5
2024/12/04 17:30:52 Unique requests in the last minute: 1
2024/12/04 17:31:52 Unique requests in the last minute: 1
2024/12/04 17:32:52 Unique requests in the last minute: 1
2024/12/04 17:33:52 Unique requests in the last minute: 0
2024/12/04 17:34:52 Unique requests in the last minute: 0
2024/12/04 17:35:52 Unique requests in the last minute: 0
2024/12/04 17:36:52 Unique requests in the last minute: 0
2024/12/04 17:37:52 Unique requests in the last minute: 0
2024/12/04 17:38:52 Unique requests in the last minute: 0
2024/12/04 17:39:52 Unique requests in the last minute: 0
2024/12/04 17:40:52 Unique requests in the last minute: 3
2024/12/04 17:41:52 Unique requests in the last minute: 0
2024/12/04 17:42:52 Unique requests in the last minute: 1
2024/12/04 17:44:13 Unique requests in the last minute: 0
2024/12/04 17:45:13 Unique requests in the last minute: 0
2024/12/04 17:46:13 Unique requests in the last minute: 0
2024/12/04 17:47:13 Unique requests in the last minute: 0
2024/12/04 17:48:13 Unique requests in the last minute: 0
2024/12/04 17:49:13 Unique requests in the last minute: 0
2024/12/04 17:50:13 Unique requests in the last minute: 0
2024/12/04 17:51:13 Unique requests in the last minute: 0
2024/12/04 17:52:13 Unique requests in the last minute: 0
2024/12/04 17:53:13 Unique requests in the last minute: 0
2024/12/04 17:54:13 Unique requests in the last minute: 0
2024/12/04 17:55:13 Unique requests in the last minute: 0
2024/12/04 17:56:13 Unique requests in the last minute: 0
2024/12/04 17:57:13 Unique requests in the last minute: 0
2024/12/04 17:58:13 Unique requests in the last minute: 0
2024/12/04 17:59:13 Unique requests in the last minute: 0
2024/12/04 18:00:13 Unique requests in the last minute: 0
2024/12/04 18:01:13 Unique requests in the last minute: 0
2024/12/04 18:02:13 Unique requests in the last minute: 0
2024/12/04 18:03:13 Unique requests in the last minute: 0
2024/12/04 18:03:49 Failed to send request to endpoint: Get "https://httpbin.org/post?unique_count=1": net/http: TLS handshake timeout
2024/12/04 18:04:13 Unique requests in the last minute: 2
2024/12/04 18:05:13 Unique requests in the last minute: 0
2024/12/04 18:06:13 Unique requests in the last minute: 0
2024/12/04 18:07:13 Unique requests in the last minute: 0
2024/12/04 18:08:13 Unique requests in the last minute: 0
2024/12/04 18:09:13 Unique requests in the last minute: 0
2024/12/04 18:10:13 Unique requests in the last minute: 0
2024/12/04 18:11:13 Unique requests in the last minute: 0
2024/12/04 18:12:13 Unique requests in the last minute: 0
2024/12/04 18:13:13 Unique requests in the last minute: 0
2024/12/04 18:14:13 Unique requests in the last minute: 0
2024/12/04 18:15:13 Unique requests in the last minute: 0
2024/12/04 18:16:13 Unique requests in the last minute: 0
2024/12/04 18:17:13 Unique requests in the last minute: 0
2024/12/04 18:18:13 Unique requests in the last minute: 0
2024/12/04 18:19:13 Unique requests in the last minute: 0
2024/12/04 18:20:13 Unique requests in the last minute: 0
2024/12/04 18:21:13 Unique requests in the last minute: 0
2024/12/04 18:22:13 Unique requests in the last minute: 0
2024/12/04 18:23:13 Unique requests in the last minute: 0
2024/12/04 18:24:13 Unique requests in the last minute: 0
2024/12/04 18:25:13 Unique requests in the last minute: 0
2024/12/04 18:26:13 Unique requests in the last minute: 0
2024/12/04 18:27:13 Unique requests in the last minute: 0
2024/12/04 18:28:13 Unique requests in the last minute: 0
2024/12/04 18:29:13 Unique requests in the last minute: 0
2024/12/04 18:30:13 Unique requests in the last minute: 0
2024/12/04 18:31:13 Unique requests in the last minute: 0
2024/12/04 18:32:13 Unique requests in the last minute: 0
2024/12/04 18:33:13 Unique requests in the last minute: 0
2024/12/04 18:34:13 Unique requests in the last minute: 0
2024/12/04 18:35:13 Unique requests in the last minute: 0
2024/12/04 18:36:13 Unique requests in the last minute: 0
2024/12/04 18:37:13 Unique requests in the last minute: 0
2024/12/04 18:38:13 Unique requests in the last minute: 0
2024/12/04 18:39:13 Unique requests in the last minute: 0
2024/12/04 18:40:13 Unique requests in the last minute: 0
2024/12/04 18:41:13 Unique requests in the last minute: 0
2024/12/04 18:42:13 Unique requests in the last minute: 0
2024/12/04 18:43:37 Unique requests in the last minute: 2
2024/12/04 18:44:37 Unique requests in the last minute: 0
2024/12/04 18:46:19 Unique requests in the last minute: 3
2024/12/04 18:46:37 Failed to send request to endpoint: failed to send to streaming service: failed to create Kafka producer: kafka: client has run out of available brokers to talk to: dial tcp [::1]:9092: connectex: No connection could be made because the target machine actively refused it.
2024/12/04 18:47:19 Unique requests in the last minute: 1
2024/12/04 18:48:01 Failed to send request to endpoint: failed to send to streaming service: failed to create Kafka producer: kafka: client has run out of available brokers to talk to: dial tcp [::1]:9092: connectex: No connection could be made because the target machine actively refused it.
2024/12/04 18:48:49 Unique requests in the last minute: 1
2024/12/04 18:49:36 Failed to send request to endpoint: failed to send to streaming service: failed to create Kafka producer: kafka: client has run out of available brokers to talk to: dial tcp [::1]:9092: connectex: No connection could be made because the target machine actively refused it.
2024/12/04 18:50:28 Unique requests in the last minute: 1
2024/12/04 18:51:28 Unique requests in the last minute: 0
2024/12/04 18:52:28 Unique requests in the last minute: 0
2024/12/04 18:53:28 Unique requests in the last minute: 0
2024/12/04 18:54:28 Unique requests in the last minute: 0
2024/12/04 18:55:28 Unique requests in the last minute: 0
2024/12/04 18:56:28 Unique requests in the last minute: 0
2024/12/04 18:57:28 Unique requests in the last minute: 0
2024/12/04 18:58:28 Unique requests in the last minute: 0
2024/12/04 18:59:28 Unique requests in the last minute: 0
2024/12/04 19:00:28 Unique requests in the last minute: 0
2024/12/04 19:01:28 Unique requests in the last minute: 0
2024/12/04 19:02:28 Unique requests in the last minute: 0
2024/12/04 19:03:28 Unique requests in the last minute: 0
2024/12/04 19:04:28 Unique requests in the last minute: 0
2024/12/04 19:05:28 Unique requests in the last minute: 0
2024/12/04 19:06:28 Unique requests in the last minute: 0
2024/12/04 19:07:28 Unique requests in the last minute: 0
2024/12/04 19:08:28 Unique requests in the last minute: 0
2024/12/04 19:09:28 Unique requests in the last minute: 0
2024/12/04 19:10:28 Unique requests in the last minute: 0
2024/12/04 19:11:28 Unique requests in the last minute: 0
2024/12/04 19:12:28 Unique requests in the last minute: 0
2024/12/04 19:13:28 Unique requests in the last minute: 0
2024/12/04 19:14:28 Unique requests in the last minute: 0
2024/12/04 19:15:28 Unique requests in the last minute: 0
2024/12/04 19:16:28 Unique requests in the last minute: 0
2024/12/04 19:17:28 Unique requests in the last minute: 0
2024/12/04 19:18:28 Unique requests in the last minute: 0
2024/12/04 19:19:28 Unique requests in the last minute: 0
2024/12/04 19:20:28 Unique requests in the last minute: 0
2024/12/04 19:21:28 Unique requests in the last minute: 0
2024/12/04 19:22:28 Unique requests in the last minute: 0
2024/12/04 19:23:28 Unique requests in the last minute: 0
2024/12/04 19:24:28 Unique requests in the last minute: 0
2024/12/04 19:25:28 Unique requests in the last minute: 0
2024/12/04 19:30:49 Unique requests in the last minute: 0
2024/12/04 20:10:31 Unique requests in the last minute: 0
2024/12/04 20:11:31 Unique requests in the last minute: 0
2024/12/04 20:12:31 Unique requests in the last minute: 0
2024/12/04 20:13:31 Unique requests in the last minute: 0
2024/12/04 20:14:31 Unique requests in the last minute: 0
2024/12/04 20:15:31 Unique requests in the last minute: 0
2024/12/04 20:16:31 Unique requests in the last minute: 0
2024/12/04 20:17:31 Unique requests in the last minute: 0
2024/12/04 20:18:31 Unique requests in the last minute: 0
2024/12/04 20:19:31 Unique requests in the last minute: 0
2024/12/04 20:20:31 Unique requests in the last minute: 0
2024/12/04 20:46:20 Unique requests in the last minute: 0
2024/12/04 20:47:20 Unique requests in the last minute: 0
2024/12/04 20:48:20 Unique requests in the last minute: 0
2024/12/04 20:49:20 Unique requests in the last minute: 0
2024/12/04 20:50:20 Unique requests in the last minute: 0
2024/12/04 20:51:20 Unique requests in the last minute: 0
2024/12/04 20:52:20 Unique requests in the last minute: 0
2024/12/04 20:53:20 Unique requests in the last minute: 0
2024/12/04 20:54:20 Unique requests in the last minute: 0
2024/12/04 20:55:20 Unique requests in the last minute: 0
2024/12/04 20:56:20 Unique requests in the last minute: 0
2024/12/04 20:57:20 Unique requests in the last minute: 0
2024/12/04 20:58:20 Unique requests in the last minute: 0
2024/12/04 20:59:20 Unique requests in the last minute: 0
2024/12/04 21:00:20 Unique requests in the last minute: 0
2024/12/04 21:01:20 Unique requests in the last minute: 0
2024/12/04 21:02:20 Unique requests in the last minute: 0
2024/12/04 21:03:20 Unique requests in the last minute: 0
2024/12/04 21:04:20 Unique requests in the last minute: 0
2024/12/04 21:05:20 Unique requests in the last minute: 0
2024/12/04 21:06:20 Unique requests in the last minute: 0
2024/12/04 21:07:20 Unique requests in the last minute: 0
2024/12/04 21:08:20 Unique requests in the last minute: 0
2024/12/04 21:09:20 Unique requests in the last minute: 0
2024/12/04 21:10:20 Unique requests in the last minute: 0
2024/12/04 21:11:20 Unique requests in the last minute: 0
2024/12/04 21:12:20 Unique requests in the last minute: 0
2024/12/04 21:13:20 Unique requests in the last minute: 0
2024/12/04 21:14:20 Unique requests in the last minute: 0
2024/12/04 21:15:08 This is a test log message
2024/12/04 21:15:09 This is a test log message
2024/12/04 21:15:20 Unique requests in the last minute: 0
2024/12/04 21:16:00 This is a test log message
2024/12/04 21:16:20 Unique requests in the last minute: 0
2024/12/04 21:17:20 Unique requests in the last minute: 0
2024/12/04 21:18:20 Unique requests in the last minute: 0
2024/12/04 21:19:20 Unique requests in the last minute: 0
2024/12/04 21:20:20 Unique requests in the last minute: 0
2024/12/04 21:21:20 Unique requests in the last minute: 0
2024/12/04 21:22:20 Unique requests in the last minute: 0
2024/12/04 21:23:20 Unique requests in the last minute: 0
2024/12/04 21:24:20 Unique requests in the last minute: 0
2024/12/04 21:25:20 Unique requests in the last minute: 0
2024/12/04 21:26:20 Unique requests in the last minute: 0
2024/12/04 21:27:45 Unique requests in the last minute: 0
2024/12/04 21:28:45 Unique requests in the last minute: 0
2024/12/04 21:29:46 Unique requests in the last minute: 0
2024/12/04 21:30:46 Unique requests in the last minute: 0
2024/12/04 21:31:46 Unique requests in the last minute: 0
2024/12/04 21:32:46 Unique requests in the last minute: 0
2024/12/04 21:33:46 Unique requests in the last minute: 0
2024/12/04 21:34:46 Unique requests in the last minute: 0
2024/12/04 21:35:46 Unique requests in the last minute: 0
2024/12/04 21:36:46 Unique requests in the last minute: 0
2024/12/04 21:37:46 Unique requests in the last minute: 0
2024/12/04 21:38:46 Unique requests in the last minute: 0
2024/12/04 21:39:46 Unique requests in the last minute: 0
2024/12/04 21:40:46 Unique requests in the last minute: 0
2024/12/04 21:41:46 Unique requests in the last minute: 0
2024/12/04 21:42:46 Unique requests in the last minute: 0
2024/12/04 21:43:46 Unique requests in the last minute: 0
2024/12/04 21:44:46 Unique requests in the last minute: 0
